This is pdfTeX, Version 3.14159265-2.6-1.40.15 (TeX Live 2014) (preloaded format=pdflatex 2015.1.24)  27 SEP 2016 11:20
entering extended mode
 restricted \write18 enabled.
 %&-line parsing enabled.
**hw2_ans.tex
(./hw2_ans.tex
LaTeX2e <2014/05/01>
Babel <3.9k> and hyphenation patterns for 78 languages loaded.
(/usr/local/texlive/2014/texmf-dist/tex/latex/base/article.cls
Document Class: article 2007/10/19 v1.4h Standard LaTeX document class
(/usr/local/texlive/2014/texmf-dist/tex/latex/base/size11.clo
File: size11.clo 2007/10/19 v1.4h Standard LaTeX file (size option)
)
\c@part=\count79
\c@section=\count80
\c@subsection=\count81
\c@subsubsection=\count82
\c@paragraph=\count83
\c@subparagraph=\count84
\c@figure=\count85
\c@table=\count86
\abovecaptionskip=\skip41
\belowcaptionskip=\skip42
\bibindent=\dimen102
)
(/usr/local/texlive/2014/texmf-dist/tex/latex/amsmath/amsmath.sty
Package: amsmath 2013/01/14 v2.14 AMS math features
\@mathmargin=\skip43

For additional information on amsmath, use the `?' option.
(/usr/local/texlive/2014/texmf-dist/tex/latex/amsmath/amstext.sty
Package: amstext 2000/06/29 v2.01

(/usr/local/texlive/2014/texmf-dist/tex/latex/amsmath/amsgen.sty
File: amsgen.sty 1999/11/30 v2.0
\@emptytoks=\toks14
\ex@=\dimen103
))
(/usr/local/texlive/2014/texmf-dist/tex/latex/amsmath/amsbsy.sty
Package: amsbsy 1999/11/29 v1.2d
\pmbraise@=\dimen104
)
(/usr/local/texlive/2014/texmf-dist/tex/latex/amsmath/amsopn.sty
Package: amsopn 1999/12/14 v2.01 operator names
)
\inf@bad=\count87
LaTeX Info: Redefining \frac on input line 210.
\uproot@=\count88
\leftroot@=\count89
LaTeX Info: Redefining \overline on input line 306.
\classnum@=\count90
\DOTSCASE@=\count91
LaTeX Info: Redefining \ldots on input line 378.
LaTeX Info: Redefining \dots on input line 381.
LaTeX Info: Redefining \cdots on input line 466.
\Mathstrutbox@=\box26
\strutbox@=\box27
\big@size=\dimen105
LaTeX Font Info:    Redeclaring font encoding OML on input line 566.
LaTeX Font Info:    Redeclaring font encoding OMS on input line 567.
\macc@depth=\count92
\c@MaxMatrixCols=\count93
\dotsspace@=\muskip10
\c@parentequation=\count94
\dspbrk@lvl=\count95
\tag@help=\toks15
\row@=\count96
\column@=\count97
\maxfields@=\count98
\andhelp@=\toks16
\eqnshift@=\dimen106
\alignsep@=\dimen107
\tagshift@=\dimen108
\tagwidth@=\dimen109
\totwidth@=\dimen110
\lineht@=\dimen111
\@envbody=\toks17
\multlinegap=\skip44
\multlinetaggap=\skip45
\mathdisplay@stack=\toks18
LaTeX Info: Redefining \[ on input line 2665.
LaTeX Info: Redefining \] on input line 2666.
)
(/usr/local/texlive/2014/texmf-dist/tex/latex/base/textcomp.sty
Package: textcomp 2005/09/27 v1.99g Standard LaTeX package
Package textcomp Info: Sub-encoding information:
(textcomp)               5 = only ISO-Adobe without \textcurrency
(textcomp)               4 = 5 + \texteuro
(textcomp)               3 = 4 + \textohm
(textcomp)               2 = 3 + \textestimated + \textcurrency
(textcomp)               1 = TS1 - \textcircled - \t
(textcomp)               0 = TS1 (full)
(textcomp)             Font families with sub-encoding setting implement
(textcomp)             only a restricted character set as indicated.
(textcomp)             Family '?' is the default used for unknown fonts.
(textcomp)             See the documentation for details.
Package textcomp Info: Setting ? sub-encoding to TS1/1 on input line 71.

(/usr/local/texlive/2014/texmf-dist/tex/latex/base/ts1enc.def
File: ts1enc.def 2001/06/05 v3.0e (jk/car/fm) Standard LaTeX file
)
LaTeX Info: Redefining \oldstylenums on input line 266.
Package textcomp Info: Setting cmr sub-encoding to TS1/0 on input line 281.
Package textcomp Info: Setting cmss sub-encoding to TS1/0 on input line 282.
Package textcomp Info: Setting cmtt sub-encoding to TS1/0 on input line 283.
Package textcomp Info: Setting cmvtt sub-encoding to TS1/0 on input line 284.
Package textcomp Info: Setting cmbr sub-encoding to TS1/0 on input line 285.
Package textcomp Info: Setting cmtl sub-encoding to TS1/0 on input line 286.
Package textcomp Info: Setting ccr sub-encoding to TS1/0 on input line 287.
Package textcomp Info: Setting ptm sub-encoding to TS1/4 on input line 288.
Package textcomp Info: Setting pcr sub-encoding to TS1/4 on input line 289.
Package textcomp Info: Setting phv sub-encoding to TS1/4 on input line 290.
Package textcomp Info: Setting ppl sub-encoding to TS1/3 on input line 291.
Package textcomp Info: Setting pag sub-encoding to TS1/4 on input line 292.
Package textcomp Info: Setting pbk sub-encoding to TS1/4 on input line 293.
Package textcomp Info: Setting pnc sub-encoding to TS1/4 on input line 294.
Package textcomp Info: Setting pzc sub-encoding to TS1/4 on input line 295.
Package textcomp Info: Setting bch sub-encoding to TS1/4 on input line 296.
Package textcomp Info: Setting put sub-encoding to TS1/5 on input line 297.
Package textcomp Info: Setting uag sub-encoding to TS1/5 on input line 298.
Package textcomp Info: Setting ugq sub-encoding to TS1/5 on input line 299.
Package textcomp Info: Setting ul8 sub-encoding to TS1/4 on input line 300.
Package textcomp Info: Setting ul9 sub-encoding to TS1/4 on input line 301.
Package textcomp Info: Setting augie sub-encoding to TS1/5 on input line 302.
Package textcomp Info: Setting dayrom sub-encoding to TS1/3 on input line 303.
Package textcomp Info: Setting dayroms sub-encoding to TS1/3 on input line 304.

Package textcomp Info: Setting pxr sub-encoding to TS1/0 on input line 305.
Package textcomp Info: Setting pxss sub-encoding to TS1/0 on input line 306.
Package textcomp Info: Setting pxtt sub-encoding to TS1/0 on input line 307.
Package textcomp Info: Setting txr sub-encoding to TS1/0 on input line 308.
Package textcomp Info: Setting txss sub-encoding to TS1/0 on input line 309.
Package textcomp Info: Setting txtt sub-encoding to TS1/0 on input line 310.
Package textcomp Info: Setting lmr sub-encoding to TS1/0 on input line 311.
Package textcomp Info: Setting lmdh sub-encoding to TS1/0 on input line 312.
Package textcomp Info: Setting lmss sub-encoding to TS1/0 on input line 313.
Package textcomp Info: Setting lmssq sub-encoding to TS1/0 on input line 314.
Package textcomp Info: Setting lmvtt sub-encoding to TS1/0 on input line 315.
Package textcomp Info: Setting qhv sub-encoding to TS1/0 on input line 316.
Package textcomp Info: Setting qag sub-encoding to TS1/0 on input line 317.
Package textcomp Info: Setting qbk sub-encoding to TS1/0 on input line 318.
Package textcomp Info: Setting qcr sub-encoding to TS1/0 on input line 319.
Package textcomp Info: Setting qcs sub-encoding to TS1/0 on input line 320.
Package textcomp Info: Setting qpl sub-encoding to TS1/0 on input line 321.
Package textcomp Info: Setting qtm sub-encoding to TS1/0 on input line 322.
Package textcomp Info: Setting qzc sub-encoding to TS1/0 on input line 323.
Package textcomp Info: Setting qhvc sub-encoding to TS1/0 on input line 324.
Package textcomp Info: Setting futs sub-encoding to TS1/4 on input line 325.
Package textcomp Info: Setting futx sub-encoding to TS1/4 on input line 326.
Package textcomp Info: Setting futj sub-encoding to TS1/4 on input line 327.
Package textcomp Info: Setting hlh sub-encoding to TS1/3 on input line 328.
Package textcomp Info: Setting hls sub-encoding to TS1/3 on input line 329.
Package textcomp Info: Setting hlst sub-encoding to TS1/3 on input line 330.
Package textcomp Info: Setting hlct sub-encoding to TS1/5 on input line 331.
Package textcomp Info: Setting hlx sub-encoding to TS1/5 on input line 332.
Package textcomp Info: Setting hlce sub-encoding to TS1/5 on input line 333.
Package textcomp Info: Setting hlcn sub-encoding to TS1/5 on input line 334.
Package textcomp Info: Setting hlcw sub-encoding to TS1/5 on input line 335.
Package textcomp Info: Setting hlcf sub-encoding to TS1/5 on input line 336.
Package textcomp Info: Setting pplx sub-encoding to TS1/3 on input line 337.
Package textcomp Info: Setting pplj sub-encoding to TS1/3 on input line 338.
Package textcomp Info: Setting ptmx sub-encoding to TS1/4 on input line 339.
Package textcomp Info: Setting ptmj sub-encoding to TS1/4 on input line 340.
)
(/usr/local/texlive/2014/texmf-dist/tex/latex/amsfonts/amssymb.sty
Package: amssymb 2013/01/14 v3.01 AMS font symbols

(/usr/local/texlive/2014/texmf-dist/tex/latex/amsfonts/amsfonts.sty
Package: amsfonts 2013/01/14 v3.01 Basic AMSFonts support
\symAMSa=\mathgroup4
\symAMSb=\mathgroup5
LaTeX Font Info:    Overwriting math alphabet `\mathfrak' in version `bold'
(Font)                  U/euf/m/n --> U/euf/b/n on input line 106.
))
(/usr/local/texlive/2014/texmf-dist/tex/latex/geometry/geometry.sty
Package: geometry 2010/09/12 v5.6 Page Geometry

(/usr/local/texlive/2014/texmf-dist/tex/latex/graphics/keyval.sty
Package: keyval 2014/05/08 v1.15 key=value parser (DPC)
\KV@toks@=\toks19
)
(/usr/local/texlive/2014/texmf-dist/tex/generic/oberdiek/ifpdf.sty
Package: ifpdf 2011/01/30 v2.3 Provides the ifpdf switch (HO)
Package ifpdf Info: pdfTeX in PDF mode is detected.
)
(/usr/local/texlive/2014/texmf-dist/tex/generic/oberdiek/ifvtex.sty
Package: ifvtex 2010/03/01 v1.5 Detect VTeX and its facilities (HO)
Package ifvtex Info: VTeX not detected.
)
(/usr/local/texlive/2014/texmf-dist/tex/generic/ifxetex/ifxetex.sty
Package: ifxetex 2010/09/12 v0.6 Provides ifxetex conditional
)
\Gm@cnth=\count99
\Gm@cntv=\count100
\c@Gm@tempcnt=\count101
\Gm@bindingoffset=\dimen112
\Gm@wd@mp=\dimen113
\Gm@odd@mp=\dimen114
\Gm@even@mp=\dimen115
\Gm@layoutwidth=\dimen116
\Gm@layoutheight=\dimen117
\Gm@layouthoffset=\dimen118
\Gm@layoutvoffset=\dimen119
\Gm@dimlist=\toks20
)
(/usr/local/texlive/2014/texmf-dist/tex/latex/graphics/graphicx.sty
Package: graphicx 2014/04/25 v1.0g Enhanced LaTeX Graphics (DPC,SPQR)

(/usr/local/texlive/2014/texmf-dist/tex/latex/graphics/graphics.sty
Package: graphics 2009/02/05 v1.0o Standard LaTeX Graphics (DPC,SPQR)

(/usr/local/texlive/2014/texmf-dist/tex/latex/graphics/trig.sty
Package: trig 1999/03/16 v1.09 sin cos tan (DPC)
)
(/usr/local/texlive/2014/texmf-dist/tex/latex/latexconfig/graphics.cfg
File: graphics.cfg 2010/04/23 v1.9 graphics configuration of TeX Live
)
Package graphics Info: Driver file: pdftex.def on input line 91.

(/usr/local/texlive/2014/texmf-dist/tex/latex/pdftex-def/pdftex.def
File: pdftex.def 2011/05/27 v0.06d Graphics/color for pdfTeX

(/usr/local/texlive/2014/texmf-dist/tex/generic/oberdiek/infwarerr.sty
Package: infwarerr 2010/04/08 v1.3 Providing info/warning/error messages (HO)
)
(/usr/local/texlive/2014/texmf-dist/tex/generic/oberdiek/ltxcmds.sty
Package: ltxcmds 2011/11/09 v1.22 LaTeX kernel commands for general use (HO)
)
\Gread@gobject=\count102
))
\Gin@req@height=\dimen120
\Gin@req@width=\dimen121
)
(/usr/local/texlive/2014/texmf-dist/tex/latex/tools/enumerate.sty
Package: enumerate 1999/03/05 v3.00 enumerate extensions (DPC)
\@enLab=\toks21
)
(/usr/local/texlive/2014/texmf-dist/tex/latex/float/float.sty
Package: float 2001/11/08 v1.3d Float enhancements (AL)
\c@float@type=\count103
\float@exts=\toks22
\float@box=\box28
\@float@everytoks=\toks23
\@floatcapt=\box29
)
(/usr/local/texlive/2014/texmf-dist/tex/latex/pdfpages/pdfpages.sty
Package: pdfpages 2013/08/25 v0.4v Insert pages of external PDF documents (AM)

(/usr/local/texlive/2014/texmf-dist/tex/latex/base/ifthen.sty
Package: ifthen 2001/05/26 v1.1c Standard LaTeX ifthen package (DPC)
)
(/usr/local/texlive/2014/texmf-dist/tex/latex/tools/calc.sty
Package: calc 2007/08/22 v4.3 Infix arithmetic (KKT,FJ)
\calc@Acount=\count104
\calc@Bcount=\count105
\calc@Adimen=\dimen122
\calc@Bdimen=\dimen123
\calc@Askip=\skip46
\calc@Bskip=\skip47
LaTeX Info: Redefining \setlength on input line 75.
LaTeX Info: Redefining \addtolength on input line 76.
\calc@Ccount=\count106
\calc@Cskip=\skip48
)
(/usr/local/texlive/2014/texmf-dist/tex/latex/eso-pic/eso-pic.sty
Package: eso-pic 2013/10/06 v2.0d eso-pic (RN)

(/usr/local/texlive/2014/texmf-dist/tex/generic/oberdiek/atbegshi.sty
Package: atbegshi 2011/10/05 v1.16 At begin shipout hook (HO)
)
(/usr/local/texlive/2014/texmf-dist/tex/latex/xcolor/xcolor.sty
Package: xcolor 2007/01/21 v2.11 LaTeX color extensions (UK)

(/usr/local/texlive/2014/texmf-dist/tex/latex/latexconfig/color.cfg
File: color.cfg 2007/01/18 v1.5 color configuration of teTeX/TeXLive
)
Package xcolor Info: Driver file: pdftex.def on input line 225.
Package xcolor Info: Model `cmy' substituted by `cmy0' on input line 1337.
Package xcolor Info: Model `hsb' substituted by `rgb' on input line 1341.
Package xcolor Info: Model `RGB' extended on input line 1353.
Package xcolor Info: Model `HTML' substituted by `rgb' on input line 1355.
Package xcolor Info: Model `Hsb' substituted by `hsb' on input line 1356.
Package xcolor Info: Model `tHsb' substituted by `hsb' on input line 1357.
Package xcolor Info: Model `HSB' substituted by `hsb' on input line 1358.
Package xcolor Info: Model `Gray' substituted by `gray' on input line 1359.
Package xcolor Info: Model `wave' substituted by `hsb' on input line 1360.
))
(/usr/local/texlive/2014/texmf-dist/tex/latex/pdfpages/pppdftex.def
File: pppdftex.def 2013/08/25 v0.4v Pdfpages driver for pdfTeX (AM)
)
\AM@pagebox=\box30
\AM@toc@title=\toks24
\c@AM@survey=\count107
\AM@templatesizebox=\box31
)
(./hw2_ans.aux)
\openout1 = `hw2_ans.aux'.

LaTeX Font Info:    Checking defaults for OML/cmm/m/it on input line 29.
LaTeX Font Info:    ... okay on input line 29.
LaTeX Font Info:    Checking defaults for T1/cmr/m/n on input line 29.
LaTeX Font Info:    ... okay on input line 29.
LaTeX Font Info:    Checking defaults for OT1/cmr/m/n on input line 29.
LaTeX Font Info:    ... okay on input line 29.
LaTeX Font Info:    Checking defaults for OMS/cmsy/m/n on input line 29.
LaTeX Font Info:    ... okay on input line 29.
LaTeX Font Info:    Checking defaults for OMX/cmex/m/n on input line 29.
LaTeX Font Info:    ... okay on input line 29.
LaTeX Font Info:    Checking defaults for U/cmr/m/n on input line 29.
LaTeX Font Info:    ... okay on input line 29.
LaTeX Font Info:    Checking defaults for TS1/cmr/m/n on input line 29.
LaTeX Font Info:    Try loading font information for TS1+cmr on input line 29.
 (/usr/local/texlive/2014/texmf-dist/tex/latex/base/ts1cmr.fd
File: ts1cmr.fd 1999/05/25 v2.5h Standard LaTeX font definitions
)
LaTeX Font Info:    ... okay on input line 29.

*geometry* driver: auto-detecting
*geometry* detected driver: pdftex
*geometry* verbose mode - [ preamble ] result:
* driver: pdftex
* paper: <default>
* layout: <same size as paper>
* layoutoffset:(h,v)=(0.0pt,0.0pt)
* modes: 
* h-part:(L,W,R)=(92.14519pt, 430.00462pt, 92.14519pt)
* v-part:(T,H,B)=(95.39737pt, 556.47656pt, 143.09605pt)
* \paperwidth=614.295pt
* \paperheight=794.96999pt
* \textwidth=469.75499pt
* \textheight=650.43pt
* \oddsidemargin=18.06749pt
* \evensidemargin=18.06749pt
* \topmargin=-54.2025pt
* \headheight=12.0pt
* \headsep=25.0pt
* \topskip=11.0pt
* \footskip=30.0pt
* \marginparwidth=59.0pt
* \marginparsep=10.0pt
* \columnsep=10.0pt
* \skip\footins=10.0pt plus 4.0pt minus 2.0pt
* \hoffset=0.0pt
* \voffset=0.0pt
* \mag=1000
* \@twocolumnfalse
* \@twosidefalse
* \@mparswitchfalse
* \@reversemarginfalse
* (1in=72.27pt=25.4mm, 1cm=28.453pt)

(/usr/local/texlive/2014/texmf-dist/tex/context/base/supp-pdf.mkii
[Loading MPS to PDF converter (version 2006.09.02).]
\scratchcounter=\count108
\scratchdimen=\dimen124
\scratchbox=\box32
\nofMPsegments=\count109
\nofMParguments=\count110
\everyMPshowfont=\toks25
\MPscratchCnt=\count111
\MPscratchDim=\dimen125
\MPnumerator=\count112
\makeMPintoPDFobject=\count113
\everyMPtoPDFconversion=\toks26
) (/usr/local/texlive/2014/texmf-dist/tex/generic/oberdiek/pdftexcmds.sty
Package: pdftexcmds 2011/11/29 v0.20 Utility functions of pdfTeX for LuaTeX (HO
)

(/usr/local/texlive/2014/texmf-dist/tex/generic/oberdiek/ifluatex.sty
Package: ifluatex 2010/03/01 v1.3 Provides the ifluatex switch (HO)
Package ifluatex Info: LuaTeX not detected.
)
Package pdftexcmds Info: LuaTeX not detected.
Package pdftexcmds Info: \pdf@primitive is available.
Package pdftexcmds Info: \pdf@ifprimitive is available.
Package pdftexcmds Info: \pdfdraftmode found.
)
(/usr/local/texlive/2014/texmf-dist/tex/latex/oberdiek/epstopdf-base.sty
Package: epstopdf-base 2010/02/09 v2.5 Base part for package epstopdf

(/usr/local/texlive/2014/texmf-dist/tex/latex/oberdiek/grfext.sty
Package: grfext 2010/08/19 v1.1 Manage graphics extensions (HO)

(/usr/local/texlive/2014/texmf-dist/tex/generic/oberdiek/kvdefinekeys.sty
Package: kvdefinekeys 2011/04/07 v1.3 Define keys (HO)
))
(/usr/local/texlive/2014/texmf-dist/tex/latex/oberdiek/kvoptions.sty
Package: kvoptions 2011/06/30 v3.11 Key value format for package options (HO)

(/usr/local/texlive/2014/texmf-dist/tex/generic/oberdiek/kvsetkeys.sty
Package: kvsetkeys 2012/04/25 v1.16 Key value parser (HO)

(/usr/local/texlive/2014/texmf-dist/tex/generic/oberdiek/etexcmds.sty
Package: etexcmds 2011/02/16 v1.5 Avoid name clashes with e-TeX commands (HO)
Package etexcmds Info: Could not find \expanded.
(etexcmds)             That can mean that you are not using pdfTeX 1.50 or
(etexcmds)             that some package has redefined \expanded.
(etexcmds)             In the latter case, load this package earlier.
)))
Package grfext Info: Graphics extension search list:
(grfext)             [.png,.pdf,.jpg,.mps,.jpeg,.jbig2,.jb2,.PNG,.PDF,.JPG,.JPE
G,.JBIG2,.JB2,.eps]
(grfext)             \AppendGraphicsExtensions on input line 452.

(/usr/local/texlive/2014/texmf-dist/tex/latex/latexconfig/epstopdf-sys.cfg
File: epstopdf-sys.cfg 2010/07/13 v1.3 Configuration of (r)epstopdf for TeX Liv
e
))
\AtBeginShipoutBox=\box33
LaTeX Font Info:    Try loading font information for U+msa on input line 30.

(/usr/local/texlive/2014/texmf-dist/tex/latex/amsfonts/umsa.fd
File: umsa.fd 2013/01/14 v3.01 AMS symbols A
)
LaTeX Font Info:    Try loading font information for U+msb on input line 30.

(/usr/local/texlive/2014/texmf-dist/tex/latex/amsfonts/umsb.fd
File: umsb.fd 2013/01/14 v3.01 AMS symbols B
)
<q1.png, id=1, 1154.3125pt x 287.0725pt>
File: q1.png Graphic file (type png)
 <use q1.png>
Package pdftex.def Info: q1.png used on input line 36.
(pdftex.def)             Requested size: 346.29642pt x 86.1224pt.
 [1

{/usr/local/texlive/2014/texmf-var/fonts/map/pdftex/updmap/pdftex.map} <./q1.pn
g>]
<q1g.png, id=15, 642.4pt x 540.0175pt>
File: q1g.png Graphic file (type png)
 <use q1g.png>
Package pdftex.def Info: q1g.png used on input line 63.
(pdftex.def)             Requested size: 192.72148pt x 162.0065pt.
 [2 <./q1g.png>]
<./write.pdf, id=20, 597.50829pt x 845.0471pt>
File: ./write.pdf Graphic file (type pdf)
 <use ./write.pdf>
Package pdftex.def Info: ./write.pdf used on input line 68.
(pdftex.def)             Requested size: 597.50682pt x 845.04504pt.
File: ./write.pdf Graphic file (type pdf)

<use ./write.pdf>
Package pdftex.def Info: ./write.pdf used on input line 68.
(pdftex.def)             Requested size: 597.50682pt x 845.04504pt.
 <./write.pdf, id=23, page=14, 597.50829pt x 845.0471pt>
File: ./write.pdf Graphic file (type pdf)

<use ./write.pdf, page 14>
Package pdftex.def Info: ./write.pdf, page14 used on input line 68.
(pdftex.def)             Requested size: 597.50682pt x 845.04504pt.
File: ./write.pdf Graphic file (type pdf)
 <use ./write.pdf, page 14>
Package pdftex.def Info: ./write.pdf, page14 used on input line 68.
(pdftex.def)             Requested size: 562.12285pt x 795.00201pt.
File: ./write.pdf Graphic file (type pdf)

<use ./write.pdf, page 14>
Package pdftex.def Info: ./write.pdf, page14 used on input line 68.
(pdftex.def)             Requested size: 562.12285pt x 795.00201pt.
File: ./write.pdf Graphic file (type pdf)
 <use ./write.pdf, page 14>
Package pdftex.def Info: ./write.pdf, page14 used on input line 68.
(pdftex.def)             Requested size: 562.12285pt x 795.00201pt.
File: ./write.pdf Graphic file (type pdf)

<use ./write.pdf, page 14>
Package pdftex.def Info: ./write.pdf, page14 used on input line 68.
(pdftex.def)             Requested size: 562.12285pt x 795.00201pt.
 [3 <./write.pdf>]
<./write1.pdf, id=30, 597.50829pt x 845.0471pt>
File: ./write1.pdf Graphic file (type pdf)
 <use ./write1.pdf>
Package pdftex.def Info: ./write1.pdf used on input line 69.
(pdftex.def)             Requested size: 597.50682pt x 845.04504pt.
File: ./write1.pdf Graphic file (type pdf)

<use ./write1.pdf>
Package pdftex.def Info: ./write1.pdf used on input line 69.
(pdftex.def)             Requested size: 597.50682pt x 845.04504pt.
 <./write1.pdf, id=33, page=1, 597.50829pt x 845.0471pt>
File: ./write1.pdf Graphic file (type pdf)

<use ./write1.pdf, page 1>
Package pdftex.def Info: ./write1.pdf, page1 used on input line 69.
(pdftex.def)             Requested size: 597.50682pt x 845.04504pt.
File: ./write1.pdf Graphic file (type pdf)
 <use ./write1.pdf, page 1>
Package pdftex.def Info: ./write1.pdf, page1 used on input line 69.
(pdftex.def)             Requested size: 562.12285pt x 795.00201pt.
File: ./write1.pdf Graphic file (type pdf)

<use ./write1.pdf, page 1>
Package pdftex.def Info: ./write1.pdf, page1 used on input line 69.
(pdftex.def)             Requested size: 562.12285pt x 795.00201pt.
File: ./write1.pdf Graphic file (type pdf)
 <use ./write1.pdf, page 1>
Package pdftex.def Info: ./write1.pdf, page1 used on input line 69.
(pdftex.def)             Requested size: 562.12285pt x 795.00201pt.
File: ./write1.pdf Graphic file (type pdf)

<use ./write1.pdf, page 1>
Package pdftex.def Info: ./write1.pdf, page1 used on input line 69.
(pdftex.def)             Requested size: 562.12285pt x 795.00201pt.
 [4 <./write1.pdf>]
<3a.png, id=40, 642.4pt x 540.0175pt>
File: 3a.png Graphic file (type png)
 <use 3a.png>
Package pdftex.def Info: 3a.png used on input line 75.
(pdftex.def)             Requested size: 321.19922pt x 270.00809pt.

<3b.png, id=41, 642.4pt x 540.0175pt>
File: 3b.png Graphic file (type png)
 <use 3b.png>
Package pdftex.def Info: 3b.png used on input line 77.
(pdftex.def)             Requested size: 321.19922pt x 270.00809pt.
 [5 <./3a.png> <./3b.png>]
<3c.png, id=45, 642.4pt x 540.0175pt>
File: 3c.png Graphic file (type png)
 <use 3c.png>
Package pdftex.def Info: 3c.png used on input line 84.
(pdftex.def)             Requested size: 321.19922pt x 270.00809pt.

<3d.png, id=46, 642.4pt x 540.0175pt>
File: 3d.png Graphic file (type png)
 <use 3d.png>
Package pdftex.def Info: 3d.png used on input line 86.
(pdftex.def)             Requested size: 321.19922pt x 270.00809pt.
 [6 <./3c.png> <./3d.png>]
<3e.png, id=50, 642.4pt x 540.0175pt>
File: 3e.png Graphic file (type png)
 <use 3e.png>
Package pdftex.def Info: 3e.png used on input line 93.
(pdftex.def)             Requested size: 321.19922pt x 270.00809pt.
 [7 <./3e.png>]
File: ./write.pdf Graphic file (type pdf)

<use ./write.pdf>
Package pdftex.def Info: ./write.pdf used on input line 98.
(pdftex.def)             Requested size: 597.50682pt x 845.04504pt.
File: ./write.pdf Graphic file (type pdf)
 <use ./write.pdf>
Package pdftex.def Info: ./write.pdf used on input line 98.
(pdftex.def)             Requested size: 597.50682pt x 845.04504pt.

<./write.pdf, id=57, page=16, 597.50829pt x 845.0471pt>
File: ./write.pdf Graphic file (type pdf)

<use ./write.pdf, page 16>
Package pdftex.def Info: ./write.pdf, page16 used on input line 98.
(pdftex.def)             Requested size: 597.50682pt x 845.04504pt.
File: ./write.pdf Graphic file (type pdf)
 <use ./write.pdf, page 16>
Package pdftex.def Info: ./write.pdf, page16 used on input line 98.
(pdftex.def)             Requested size: 562.12285pt x 795.00201pt.
File: ./write.pdf Graphic file (type pdf)

<use ./write.pdf, page 16>
Package pdftex.def Info: ./write.pdf, page16 used on input line 98.
(pdftex.def)             Requested size: 562.12285pt x 795.00201pt.
File: ./write.pdf Graphic file (type pdf)
 <use ./write.pdf, page 16>
Package pdftex.def Info: ./write.pdf, page16 used on input line 98.
(pdftex.def)             Requested size: 562.12285pt x 795.00201pt.
File: ./write.pdf Graphic file (type pdf)

<use ./write.pdf, page 16>
Package pdftex.def Info: ./write.pdf, page16 used on input line 98.
(pdftex.def)             Requested size: 562.12285pt x 795.00201pt.
 [8 <./write.pdf>]
<reg0constant.png, id=63, 642.4pt x 540.0175pt>
File: reg0constant.png Graphic file (type png)
 <use reg0constant.png>
Package pdftex.def Info: reg0constant.png used on input line 101.
(pdftex.def)             Requested size: 321.19922pt x 270.00809pt.

<reg0linear.png, id=64, 642.4pt x 540.0175pt>
File: reg0linear.png Graphic file (type png)
 <use reg0linear.png>
Package pdftex.def Info: reg0linear.png used on input line 103.
(pdftex.def)             Requested size: 321.19922pt x 270.00809pt.
File: ./write.pdf Graphic file (type pdf)

<use ./write.pdf>
Package pdftex.def Info: ./write.pdf used on input line 108.
(pdftex.def)             Requested size: 597.50682pt x 845.04504pt.
File: ./write.pdf Graphic file (type pdf)
 <use ./write.pdf>
Package pdftex.def Info: ./write.pdf used on input line 108.
(pdftex.def)             Requested size: 597.50682pt x 845.04504pt.
 [9 <./reg0constant.png> <./reg0linear.png>] <./write.pdf, id=70, page=17, 597.
50829pt x 845.0471pt>
File: ./write.pdf Graphic file (type pdf)

<use ./write.pdf, page 17>
Package pdftex.def Info: ./write.pdf, page17 used on input line 108.
(pdftex.def)             Requested size: 597.50682pt x 845.04504pt.
File: ./write.pdf Graphic file (type pdf)
 <use ./write.pdf, page 17>
Package pdftex.def Info: ./write.pdf, page17 used on input line 108.
(pdftex.def)             Requested size: 562.12285pt x 795.00201pt.
File: ./write.pdf Graphic file (type pdf)

<use ./write.pdf, page 17>
Package pdftex.def Info: ./write.pdf, page17 used on input line 108.
(pdftex.def)             Requested size: 562.12285pt x 795.00201pt.
File: ./write.pdf Graphic file (type pdf)
 <use ./write.pdf, page 17>
Package pdftex.def Info: ./write.pdf, page17 used on input line 108.
(pdftex.def)             Requested size: 562.12285pt x 795.00201pt.
File: ./write.pdf Graphic file (type pdf)

<use ./write.pdf, page 17>
Package pdftex.def Info: ./write.pdf, page17 used on input line 108.
(pdftex.def)             Requested size: 562.12285pt x 795.00201pt.
 [10 <./write.pdf>]
File: ./write.pdf Graphic file (type pdf)
 <use ./write.pdf>
Package pdftex.def Info: ./write.pdf used on input line 109.
(pdftex.def)             Requested size: 597.50682pt x 845.04504pt.
File: ./write.pdf Graphic file (type pdf)

<use ./write.pdf>
Package pdftex.def Info: ./write.pdf used on input line 109.
(pdftex.def)             Requested size: 597.50682pt x 845.04504pt.
 <./write.pdf, id=78, page=18, 597.50829pt x 845.0471pt>
File: ./write.pdf Graphic file (type pdf)

<use ./write.pdf, page 18>
Package pdftex.def Info: ./write.pdf, page18 used on input line 109.
(pdftex.def)             Requested size: 597.50682pt x 845.04504pt.
File: ./write.pdf Graphic file (type pdf)
 <use ./write.pdf, page 18>
Package pdftex.def Info: ./write.pdf, page18 used on input line 109.
(pdftex.def)             Requested size: 562.12285pt x 795.00201pt.
File: ./write.pdf Graphic file (type pdf)

<use ./write.pdf, page 18>
Package pdftex.def Info: ./write.pdf, page18 used on input line 109.
(pdftex.def)             Requested size: 562.12285pt x 795.00201pt.
File: ./write.pdf Graphic file (type pdf)
 <use ./write.pdf, page 18>
Package pdftex.def Info: ./write.pdf, page18 used on input line 109.
(pdftex.def)             Requested size: 562.12285pt x 795.00201pt.
File: ./write.pdf Graphic file (type pdf)

<use ./write.pdf, page 18>
Package pdftex.def Info: ./write.pdf, page18 used on input line 109.
(pdftex.def)             Requested size: 562.12285pt x 795.00201pt.
 [11 <./write.pdf>]
<./write.pdf, id=84, page=19, 597.50829pt x 845.0471pt>
File: ./write.pdf Graphic file (type pdf)

<use ./write.pdf, page 19>
Package pdftex.def Info: ./write.pdf, page19 used on input line 109.
(pdftex.def)             Requested size: 562.12285pt x 795.00201pt.
File: ./write.pdf Graphic file (type pdf)
 <use ./write.pdf, page 19>
Package pdftex.def Info: ./write.pdf, page19 used on input line 109.
(pdftex.def)             Requested size: 562.12285pt x 795.00201pt.
File: ./write.pdf Graphic file (type pdf)

<use ./write.pdf, page 19>
Package pdftex.def Info: ./write.pdf, page19 used on input line 109.
(pdftex.def)             Requested size: 562.12285pt x 795.00201pt.
 [12 <./write.pdf>]
<./write.pdf, id=90, page=20, 597.50829pt x 845.0471pt>
File: ./write.pdf Graphic file (type pdf)

<use ./write.pdf, page 20>
Package pdftex.def Info: ./write.pdf, page20 used on input line 109.
(pdftex.def)             Requested size: 562.12285pt x 795.00201pt.
File: ./write.pdf Graphic file (type pdf)
 <use ./write.pdf, page 20>
Package pdftex.def Info: ./write.pdf, page20 used on input line 109.
(pdftex.def)             Requested size: 562.12285pt x 795.00201pt.
File: ./write.pdf Graphic file (type pdf)

<use ./write.pdf, page 20>
Package pdftex.def Info: ./write.pdf, page20 used on input line 109.
(pdftex.def)             Requested size: 562.12285pt x 795.00201pt.
 [13 <./write.pdf>]
<./code.pdf, id=97, 614.295pt x 794.97pt>
File: ./code.pdf Graphic file (type pdf)
 <use ./code.pdf>
Package pdftex.def Info: ./code.pdf used on input line 110.
(pdftex.def)             Requested size: 614.29349pt x 794.96806pt.
File: ./code.pdf Graphic file (type pdf)
 <use ./code.pdf>
Package pdftex.def Info: ./code.pdf used on input line 110.
(pdftex.def)             Requested size: 614.29349pt x 794.96806pt.

<./code.pdf, id=100, page=1, 614.295pt x 794.97pt>
File: ./code.pdf Graphic file (type pdf)
 <use ./code.pdf, page 1>
Package pdftex.def Info: ./code.pdf, page1 used on input line 110.
(pdftex.def)             Requested size: 614.29349pt x 794.96806pt.
File: ./code.pdf Graphic file (type pdf)

<use ./code.pdf, page 1>
Package pdftex.def Info: ./code.pdf, page1 used on input line 110.
(pdftex.def)             Requested size: 614.58406pt x 795.3441pt.
File: ./code.pdf Graphic file (type pdf)
 <use ./code.pdf, page 1>
Package pdftex.def Info: ./code.pdf, page1 used on input line 110.
(pdftex.def)             Requested size: 614.58406pt x 795.3441pt.
File: ./code.pdf Graphic file (type pdf)
 <use ./code.pdf, page 1>
Package pdftex.def Info: ./code.pdf, page1 used on input line 110.
(pdftex.def)             Requested size: 614.58406pt x 795.3441pt.
File: ./code.pdf Graphic file (type pdf)

<use ./code.pdf, page 1>
Package pdftex.def Info: ./code.pdf, page1 used on input line 110.
(pdftex.def)             Requested size: 614.58406pt x 795.3441pt.
 [14 <./code.pdf>]
<./code.pdf, id=114, page=2, 614.295pt x 794.97pt>
File: ./code.pdf Graphic file (type pdf)
 <use ./code.pdf, page 2>
Package pdftex.def Info: ./code.pdf, page2 used on input line 110.
(pdftex.def)             Requested size: 614.58406pt x 795.3441pt.
File: ./code.pdf Graphic file (type pdf)

<use ./code.pdf, page 2>
Package pdftex.def Info: ./code.pdf, page2 used on input line 110.
(pdftex.def)             Requested size: 614.58406pt x 795.3441pt.
File: ./code.pdf Graphic file (type pdf)
 <use ./code.pdf, page 2>
Package pdftex.def Info: ./code.pdf, page2 used on input line 110.
(pdftex.def)             Requested size: 614.58406pt x 795.3441pt.
 [15 <./code.pdf>]
<./code.pdf, id=123, page=3, 614.295pt x 794.97pt>
File: ./code.pdf Graphic file (type pdf)
 <use ./code.pdf, page 3>
Package pdftex.def Info: ./code.pdf, page3 used on input line 110.
(pdftex.def)             Requested size: 614.58406pt x 795.3441pt.
File: ./code.pdf Graphic file (type pdf)

<use ./code.pdf, page 3>
Package pdftex.def Info: ./code.pdf, page3 used on input line 110.
(pdftex.def)             Requested size: 614.58406pt x 795.3441pt.
File: ./code.pdf Graphic file (type pdf)
 <use ./code.pdf, page 3>
Package pdftex.def Info: ./code.pdf, page3 used on input line 110.
(pdftex.def)             Requested size: 614.58406pt x 795.3441pt.
 [16 <./code.pdf>]
(./hw2_ans.aux) ) 
Here is how much of TeX's memory you used:
 4727 strings out of 493117
 65825 string characters out of 6135433
 133975 words of memory out of 5000000
 8097 multiletter control sequences out of 15000+600000
 11397 words of font info for 43 fonts, out of 8000000 for 9000
 1141 hyphenation exceptions out of 8191
 40i,18n,46p,237b,426s stack positions out of 5000i,500n,10000p,200000b,80000s
</usr/local/texlive/2014/texmf-dist/fonts/type1/public/amsfont
s/cm/cmbx12.pfb></usr/local/texlive/2014/texmf-dist/fonts/type1/public/amsfonts
/cm/cmmi10.pfb></usr/local/texlive/2014/texmf-dist/fonts/type1/public/amsfonts/
cm/cmmi8.pfb></usr/local/texlive/2014/texmf-dist/fonts/type1/public/amsfonts/cm
/cmr10.pfb></usr/local/texlive/2014/texmf-dist/fonts/type1/public/amsfonts/cm/c
mr12.pfb></usr/local/texlive/2014/texmf-dist/fonts/type1/public/amsfonts/cm/cmr
17.pfb></usr/local/texlive/2014/texmf-dist/fonts/type1/public/amsfonts/cm/cmr8.
pfb></usr/local/texlive/2014/texmf-dist/fonts/type1/public/amsfonts/cm/cmsl10.p
fb></usr/local/texlive/2014/texmf-dist/fonts/type1/public/amsfonts/cm/cmsy10.pf
b>
Output written on hw2_ans.pdf (16 pages, 4098242 bytes).
PDF statistics:
 162 PDF objects out of 1000 (max. 8388607)
 87 compressed objects within 1 object stream
 0 named destinations out of 1000 (max. 500000)
 171 words of extra memory for PDF output out of 10000 (max. 10000000)

